10:07:19 AM  [main] 	Initializing Control Panel
10:07:19 AM  [main] 	Windows Version:  Home  64-bit
10:07:19 AM  [main] 	XAMPP Version: 8.2.4
10:07:19 AM  [main] 	Control Panel Version: 3.3.0  [ Compiled: Apr 6th 2021 ]
10:07:19 AM  [main] 	You are not running with administrator rights! This will work for
10:07:19 AM  [main] 	most application stuff but whenever you do something with services
10:07:19 AM  [main] 	there will be a security dialogue or things will break! So think 
10:07:19 AM  [main] 	about running this application with administrator rights!
10:07:19 AM  [main] 	XAMPP Installation Directory: "c:\xampp\"
10:07:19 AM  [main] 	Checking for prerequisites
10:07:20 AM  [main] 	All prerequisites found
10:07:20 AM  [main] 	Initializing Modules
10:07:20 AM  [Apache] 	XAMPP Apache is already running on port 80
10:07:20 AM  [Apache] 	XAMPP Apache is already running on port 443
10:07:20 AM  [mysql] 	XAMPP MySQL is already running on port 3306
10:07:20 AM  [main] 	Starting Check-Timer
10:07:20 AM  [main] 	Control Panel Ready
10:07:37 AM  [Apache] 	Attempting to stop Apache (PID: 26528)
10:07:37 AM  [Apache] 	Attempting to stop Apache (PID: 29180)
10:07:37 AM  [Apache] 	Status change detected: stopped
10:07:39 AM  [mysql] 	Attempting to stop MySQL app...
10:07:39 AM  [mysql] 	Status change detected: stopped
10:08:15 AM  [Apache] 	Attempting to start Apache app...
10:08:15 AM  [Apache] 	Status change detected: running
10:08:22 AM  [mysql] 	Attempting to start MySQL app...
10:08:22 AM  [mysql] 	Status change detected: running
11:10:41 PM  [main] 	Deinitializing Modules
11:10:41 PM  [main] 	Deinitializing Control Panel

11:00:42 PM  [main] 	Initializing Control Panel
11:00:42 PM  [main] 	Windows Version:  Home  64-bit
11:00:42 PM  [main] 	XAMPP Version: 8.2.4
11:00:42 PM  [main] 	Control Panel Version: 3.3.0  [ Compiled: Apr 6th 2021 ]
11:00:42 PM  [main] 	You are not running with administrator rights! This will work for
11:00:42 PM  [main] 	most application stuff but whenever you do something with services
11:00:42 PM  [main] 	there will be a security dialogue or things will break! So think 
11:00:42 PM  [main] 	about running this application with administrator rights!
11:00:42 PM  [main] 	XAMPP Installation Directory: "c:\xampp\"
11:00:42 PM  [main] 	Checking for prerequisites
11:00:43 PM  [main] 	All prerequisites found
11:00:43 PM  [main] 	Initializing Modules
11:00:43 PM  [mysql] 	Problem detected!
11:00:43 PM  [mysql] 	Port 3306 in use by "Unable to open process"!
11:00:43 PM  [mysql] 	MySQL WILL NOT start without the configured ports free!
11:00:43 PM  [mysql] 	You need to uninstall/disable/reconfigure the blocking application
11:00:43 PM  [mysql] 	or reconfigure MySQL and the Control Panel to listen on a different port
11:00:43 PM  [main] 	Starting Check-Timer
11:00:43 PM  [main] 	Control Panel Ready
11:00:46 PM  [Apache] 	Attempting to start Apache app...
11:00:46 PM  [Apache] 	Status change detected: running
11:00:49 PM  [mysql] 	Problem detected!
11:00:49 PM  [mysql] 	Port 3306 in use by "Unable to open process"!
11:00:49 PM  [mysql] 	MySQL WILL NOT start without the configured ports free!
11:00:49 PM  [mysql] 	You need to uninstall/disable/reconfigure the blocking application
11:00:49 PM  [mysql] 	or reconfigure MySQL and the Control Panel to listen on a different port
11:00:49 PM  [mysql] 	Attempting to start MySQL app...
11:00:49 PM  [mysql] 	Status change detected: running
11:00:51 PM  [mysql] 	Status change detected: stopped
11:00:51 PM  [mysql] 	Error: MySQL shutdown unexpectedly.
11:00:51 PM  [mysql] 	This may be due to a blocked port, missing dependencies, 
11:00:51 PM  [mysql] 	improper privileges, a crash, or a shutdown by another method.
11:00:51 PM  [mysql] 	Press the Logs button to view error logs and check
11:00:51 PM  [mysql] 	the Windows Event Viewer for more clues
11:00:51 PM  [mysql] 	If you need more help, copy and post this
11:00:51 PM  [mysql] 	entire log window on the forums
11:00:57 PM  [mysql] 	Problem detected!
11:00:57 PM  [mysql] 	Port 3306 in use by "Unable to open process"!
11:00:57 PM  [mysql] 	MySQL WILL NOT start without the configured ports free!
11:00:57 PM  [mysql] 	You need to uninstall/disable/reconfigure the blocking application
11:00:57 PM  [mysql] 	or reconfigure MySQL and the Control Panel to listen on a different port
11:00:57 PM  [mysql] 	Attempting to start MySQL app...
11:00:57 PM  [mysql] 	Status change detected: running
11:00:58 PM  [mysql] 	Status change detected: stopped
11:00:58 PM  [mysql] 	Error: MySQL shutdown unexpectedly.
11:00:58 PM  [mysql] 	This may be due to a blocked port, missing dependencies, 
11:00:58 PM  [mysql] 	improper privileges, a crash, or a shutdown by another method.
11:00:58 PM  [mysql] 	Press the Logs button to view error logs and check
11:00:58 PM  [mysql] 	the Windows Event Viewer for more clues
11:00:58 PM  [mysql] 	If you need more help, copy and post this
11:00:58 PM  [mysql] 	entire log window on the forums
11:01:03 PM  [mysql] 	Problem detected!
11:01:03 PM  [mysql] 	Port 3306 in use by "Unable to open process"!
11:01:03 PM  [mysql] 	MySQL WILL NOT start without the configured ports free!
11:01:03 PM  [mysql] 	You need to uninstall/disable/reconfigure the blocking application
11:01:03 PM  [mysql] 	or reconfigure MySQL and the Control Panel to listen on a different port
11:01:03 PM  [mysql] 	Attempting to start MySQL app...
11:01:03 PM  [mysql] 	Status change detected: running
11:01:05 PM  [mysql] 	Status change detected: stopped
11:01:05 PM  [mysql] 	Error: MySQL shutdown unexpectedly.
11:01:05 PM  [mysql] 	This may be due to a blocked port, missing dependencies, 
11:01:05 PM  [mysql] 	improper privileges, a crash, or a shutdown by another method.
11:01:05 PM  [mysql] 	Press the Logs button to view error logs and check
11:01:05 PM  [mysql] 	the Windows Event Viewer for more clues
11:01:05 PM  [mysql] 	If you need more help, copy and post this
11:01:05 PM  [mysql] 	entire log window on the forums
11:01:42 PM  [mysql] 	Problem detected!
11:01:42 PM  [mysql] 	Port 3306 in use by "Unable to open process"!
11:01:42 PM  [mysql] 	MySQL WILL NOT start without the configured ports free!
11:01:42 PM  [mysql] 	You need to uninstall/disable/reconfigure the blocking application
11:01:42 PM  [mysql] 	or reconfigure MySQL and the Control Panel to listen on a different port
11:01:42 PM  [mysql] 	Attempting to start MySQL app...
11:01:42 PM  [mysql] 	Status change detected: running
11:01:44 PM  [mysql] 	Status change detected: stopped
11:01:44 PM  [mysql] 	Error: MySQL shutdown unexpectedly.
11:01:44 PM  [mysql] 	This may be due to a blocked port, missing dependencies, 
11:01:44 PM  [mysql] 	improper privileges, a crash, or a shutdown by another method.
11:01:44 PM  [mysql] 	Press the Logs button to view error logs and check
11:01:44 PM  [mysql] 	the Windows Event Viewer for more clues
11:01:44 PM  [mysql] 	If you need more help, copy and post this
11:01:44 PM  [mysql] 	entire log window on the forums
11:01:57 PM  [Apache] 	Attempting to stop Apache (PID: 15048)
11:01:58 PM  [Apache] 	Attempting to stop Apache (PID: 11532)
11:01:58 PM  [Apache] 	Status change detected: stopped
11:02:06 PM  [mysql] 	Problem detected!
11:02:06 PM  [mysql] 	Port 3306 in use by "Unable to open process"!
11:02:06 PM  [mysql] 	MySQL WILL NOT start without the configured ports free!
11:02:06 PM  [mysql] 	You need to uninstall/disable/reconfigure the blocking application
11:02:06 PM  [mysql] 	or reconfigure MySQL and the Control Panel to listen on a different port
11:02:06 PM  [mysql] 	Attempting to start MySQL app...
11:02:06 PM  [mysql] 	Status change detected: running
11:02:08 PM  [mysql] 	Status change detected: stopped
11:02:08 PM  [mysql] 	Error: MySQL shutdown unexpectedly.
11:02:08 PM  [mysql] 	This may be due to a blocked port, missing dependencies, 
11:02:08 PM  [mysql] 	improper privileges, a crash, or a shutdown by another method.
11:02:08 PM  [mysql] 	Press the Logs button to view error logs and check
11:02:08 PM  [mysql] 	the Windows Event Viewer for more clues
11:02:08 PM  [mysql] 	If you need more help, copy and post this
11:02:08 PM  [mysql] 	entire log window on the forums
11:03:11 PM  [Apache] 	Attempting to start Apache app...
11:03:11 PM  [Apache] 	Status change detected: running
11:03:12 PM  [mysql] 	Problem detected!
11:03:12 PM  [mysql] 	Port 3306 in use by "Unable to open process"!
11:03:12 PM  [mysql] 	MySQL WILL NOT start without the configured ports free!
11:03:12 PM  [mysql] 	You need to uninstall/disable/reconfigure the blocking application
11:03:12 PM  [mysql] 	or reconfigure MySQL and the Control Panel to listen on a different port
11:03:12 PM  [mysql] 	Attempting to start MySQL app...
11:03:12 PM  [mysql] 	Status change detected: running
11:03:14 PM  [mysql] 	Status change detected: stopped
11:03:14 PM  [mysql] 	Error: MySQL shutdown unexpectedly.
11:03:14 PM  [mysql] 	This may be due to a blocked port, missing dependencies, 
11:03:14 PM  [mysql] 	improper privileges, a crash, or a shutdown by another method.
11:03:14 PM  [mysql] 	Press the Logs button to view error logs and check
11:03:14 PM  [mysql] 	the Windows Event Viewer for more clues
11:03:14 PM  [mysql] 	If you need more help, copy and post this
11:03:14 PM  [mysql] 	entire log window on the forums
11:03:15 PM  [mysql] 	Problem detected!
11:03:15 PM  [mysql] 	Port 3306 in use by "Unable to open process"!
11:03:15 PM  [mysql] 	MySQL WILL NOT start without the configured ports free!
11:03:15 PM  [mysql] 	You need to uninstall/disable/reconfigure the blocking application
11:03:15 PM  [mysql] 	or reconfigure MySQL and the Control Panel to listen on a different port
11:03:15 PM  [mysql] 	Attempting to start MySQL app...
11:03:15 PM  [mysql] 	Status change detected: running
11:03:17 PM  [mysql] 	Status change detected: stopped
11:03:17 PM  [mysql] 	Error: MySQL shutdown unexpectedly.
11:03:17 PM  [mysql] 	This may be due to a blocked port, missing dependencies, 
11:03:17 PM  [mysql] 	improper privileges, a crash, or a shutdown by another method.
11:03:17 PM  [mysql] 	Press the Logs button to view error logs and check
11:03:17 PM  [mysql] 	the Windows Event Viewer for more clues
11:03:17 PM  [mysql] 	If you need more help, copy and post this
11:03:17 PM  [mysql] 	entire log window on the forums
11:03:18 PM  [mysql] 	Problem detected!
11:03:18 PM  [mysql] 	Port 3306 in use by "Unable to open process"!
11:03:18 PM  [mysql] 	MySQL WILL NOT start without the configured ports free!
11:03:18 PM  [mysql] 	You need to uninstall/disable/reconfigure the blocking application
11:03:18 PM  [mysql] 	or reconfigure MySQL and the Control Panel to listen on a different port
11:03:18 PM  [mysql] 	Attempting to start MySQL app...
11:03:18 PM  [mysql] 	Status change detected: running
11:03:19 PM  [mysql] 	Status change detected: stopped
11:03:19 PM  [mysql] 	Error: MySQL shutdown unexpectedly.
11:03:19 PM  [mysql] 	This may be due to a blocked port, missing dependencies, 
11:03:19 PM  [mysql] 	improper privileges, a crash, or a shutdown by another method.
11:03:19 PM  [mysql] 	Press the Logs button to view error logs and check
11:03:19 PM  [mysql] 	the Windows Event Viewer for more clues
11:03:19 PM  [mysql] 	If you need more help, copy and post this
11:03:19 PM  [mysql] 	entire log window on the forums
11:03:20 PM  [mysql] 	Problem detected!
11:03:20 PM  [mysql] 	Port 3306 in use by "Unable to open process"!
11:03:20 PM  [mysql] 	MySQL WILL NOT start without the configured ports free!
11:03:20 PM  [mysql] 	You need to uninstall/disable/reconfigure the blocking application
11:03:20 PM  [mysql] 	or reconfigure MySQL and the Control Panel to listen on a different port
11:03:20 PM  [mysql] 	Attempting to start MySQL app...
11:03:20 PM  [mysql] 	Problem detected!
11:03:20 PM  [mysql] 	Port 3306 in use by "Unable to open process"!
11:03:20 PM  [mysql] 	MySQL WILL NOT start without the configured ports free!
11:03:20 PM  [mysql] 	You need to uninstall/disable/reconfigure the blocking application
11:03:20 PM  [mysql] 	or reconfigure MySQL and the Control Panel to listen on a different port
11:03:20 PM  [mysql] 	Attempting to start MySQL app...
11:03:20 PM  [mysql] 	Status change detected: running
11:03:20 PM  [mysql] 	Attempting to stop MySQL app...
11:03:20 PM  [mysql] 	Attempting to stop MySQL app...
11:03:21 PM  [mysql] 	There may be an error, return code: 41821520 - 
11:03:21 PM  [mysql] 	Attempting to stop MySQL app...
11:03:21 PM  [mysql] 	There may be an error, return code: 41821520 - 
11:03:21 PM  [mysql] 	Status change detected: stopped
11:03:22 PM  [mysql] 	Problem detected!
11:03:22 PM  [mysql] 	Port 3306 in use by "Unable to open process"!
11:03:22 PM  [mysql] 	MySQL WILL NOT start without the configured ports free!
11:03:22 PM  [mysql] 	You need to uninstall/disable/reconfigure the blocking application
11:03:22 PM  [mysql] 	or reconfigure MySQL and the Control Panel to listen on a different port
11:03:22 PM  [mysql] 	Attempting to start MySQL app...
11:03:23 PM  [mysql] 	Problem detected!
11:03:23 PM  [mysql] 	Port 3306 in use by "Unable to open process"!
11:03:23 PM  [mysql] 	MySQL WILL NOT start without the configured ports free!
11:03:23 PM  [mysql] 	You need to uninstall/disable/reconfigure the blocking application
11:03:23 PM  [mysql] 	or reconfigure MySQL and the Control Panel to listen on a different port
11:03:23 PM  [mysql] 	Attempting to start MySQL app...
11:03:23 PM  [mysql] 	Status change detected: running
11:03:23 PM  [mysql] 	Attempting to stop MySQL app...
11:03:23 PM  [mysql] 	Attempting to stop MySQL app...
11:03:23 PM  [mysql] 	There may be an error, return code: 41821520 - 
11:03:23 PM  [mysql] 	Status change detected: stopped
11:03:25 PM  [mysql] 	Problem detected!
11:03:25 PM  [mysql] 	Port 3306 in use by "Unable to open process"!
11:03:25 PM  [mysql] 	MySQL WILL NOT start without the configured ports free!
11:03:25 PM  [mysql] 	You need to uninstall/disable/reconfigure the blocking application
11:03:25 PM  [mysql] 	or reconfigure MySQL and the Control Panel to listen on a different port
11:03:25 PM  [mysql] 	Attempting to start MySQL app...
11:03:25 PM  [mysql] 	Status change detected: running
11:03:27 PM  [mysql] 	Status change detected: stopped
11:03:27 PM  [mysql] 	Error: MySQL shutdown unexpectedly.
11:03:27 PM  [mysql] 	This may be due to a blocked port, missing dependencies, 
11:03:27 PM  [mysql] 	improper privileges, a crash, or a shutdown by another method.
11:03:27 PM  [mysql] 	Press the Logs button to view error logs and check
11:03:27 PM  [mysql] 	the Windows Event Viewer for more clues
11:03:27 PM  [mysql] 	If you need more help, copy and post this
11:03:27 PM  [mysql] 	entire log window on the forums
11:05:42 PM  [mysql] 	Attempting to start MySQL app...
11:05:42 PM  [mysql] 	Status change detected: running
11:05:44 PM  [mysql] 	Status change detected: stopped
11:05:44 PM  [mysql] 	Error: MySQL shutdown unexpectedly.
11:05:44 PM  [mysql] 	This may be due to a blocked port, missing dependencies, 
11:05:44 PM  [mysql] 	improper privileges, a crash, or a shutdown by another method.
11:05:44 PM  [mysql] 	Press the Logs button to view error logs and check
11:05:44 PM  [mysql] 	the Windows Event Viewer for more clues
11:05:44 PM  [mysql] 	If you need more help, copy and post this
11:05:44 PM  [mysql] 	entire log window on the forums
11:06:47 PM  [mysql] 	Attempting to start MySQL app...
11:06:47 PM  [mysql] 	Status change detected: running
11:06:48 PM  [mysql] 	Status change detected: stopped
11:06:48 PM  [mysql] 	Error: MySQL shutdown unexpectedly.
11:06:48 PM  [mysql] 	This may be due to a blocked port, missing dependencies, 
11:06:48 PM  [mysql] 	improper privileges, a crash, or a shutdown by another method.
11:06:48 PM  [mysql] 	Press the Logs button to view error logs and check
11:06:48 PM  [mysql] 	the Windows Event Viewer for more clues
11:06:48 PM  [mysql] 	If you need more help, copy and post this
11:06:48 PM  [mysql] 	entire log window on the forums
11:09:32 PM  [mysql] 	Attempting to start MySQL app...
11:09:32 PM  [mysql] 	Status change detected: running
11:31:01 PM  [mysql] 	Attempting to stop MySQL app...
11:31:01 PM  [mysql] 	Status change detected: stopped
11:31:02 PM  [Apache] 	Attempting to stop Apache (PID: 5416)
11:31:02 PM  [Apache] 	Attempting to stop Apache (PID: 13388)
11:31:02 PM  [Apache] 	Status change detected: stopped
11:42:56 PM  [Apache] 	Status change detected: running
11:42:57 PM  [mysql] 	Status change detected: running
11:46:11 PM  [mysql] 	Status change detected: stopped
11:46:12 PM  [Apache] 	Status change detected: stopped
11:46:33 PM  [main] 	Deinitializing Modules
11:46:33 PM  [main] 	Deinitializing Control Panel

11:42:52 PM  [main] 	Initializing Control Panel
11:42:52 PM  [main] 	Windows Version:  Home  64-bit
11:42:52 PM  [main] 	XAMPP Version: 8.2.4
11:42:52 PM  [main] 	Control Panel Version: 3.3.0  [ Compiled: Apr 6th 2021 ]
11:42:52 PM  [main] 	You are not running with administrator rights! This will work for
11:42:52 PM  [main] 	most application stuff but whenever you do something with services
11:42:52 PM  [main] 	there will be a security dialogue or things will break! So think 
11:42:52 PM  [main] 	about running this application with administrator rights!
11:42:52 PM  [main] 	XAMPP Installation Directory: "c:\xampp\"
11:42:52 PM  [main] 	Checking for prerequisites
11:42:54 PM  [main] 	All prerequisites found
11:42:54 PM  [main] 	Initializing Modules
11:42:54 PM  [main] 	Starting Check-Timer
11:42:54 PM  [main] 	Control Panel Ready
11:42:56 PM  [Apache] 	Attempting to start Apache app...
11:42:56 PM  [Apache] 	Status change detected: running
11:42:57 PM  [mysql] 	Attempting to start MySQL app...
11:42:57 PM  [mysql] 	Status change detected: running
11:46:11 PM  [mysql] 	Attempting to stop MySQL app...
11:46:11 PM  [mysql] 	Status change detected: stopped
11:46:12 PM  [Apache] 	Attempting to stop Apache (PID: 5124)
11:46:12 PM  [Apache] 	Attempting to stop Apache (PID: 6344)
11:46:12 PM  [Apache] 	Status change detected: stopped
11:46:33 PM  [main] 	Deinitializing Modules
11:46:33 PM  [main] 	Deinitializing Control Panel

